<?xml version="1.0" encoding="UTF-8"?>
<testng-results skipped="0" failed="0" ignored="0" total="2" passed="2">
  <reporter-output>
  </reporter-output>
  <suite name="Default suite" duration-ms="10305" started-at="2021-01-31T23:47:53Z" finished-at="2021-01-31T23:48:04Z">
    <groups>
    </groups>
    <test name="Default test" duration-ms="10305" started-at="2021-01-31T23:47:53Z" finished-at="2021-01-31T23:48:04Z">
      <class name="Test_Cases.Login_TestCase">
        <test-method status="PASS" signature="beforeTest()[pri:0, instance:Test_Cases.Login_TestCase@42d80b78]" name="beforeTest" is-config="true" duration-ms="6723" started-at="2021-01-31T23:47:53Z" finished-at="2021-01-31T23:48:00Z">
          <reporter-output>
          </reporter-output>
        </test-method> <!-- beforeTest -->
        <test-method status="PASS" signature="invalid_username()[pri:0, instance:Test_Cases.Login_TestCase@42d80b78]" name="invalid_username" duration-ms="1373" started-at="2021-01-31T23:48:00Z" finished-at="2021-01-31T23:48:01Z">
          <reporter-output>
          </reporter-output>
        </test-method> <!-- invalid_username -->
        <test-method status="PASS" signature="valid_username()[pri:0, instance:Test_Cases.Login_TestCase@42d80b78]" name="valid_username" duration-ms="976" started-at="2021-01-31T23:48:01Z" finished-at="2021-01-31T23:48:02Z">
          <reporter-output>
          </reporter-output>
        </test-method> <!-- valid_username -->
        <test-method status="PASS" signature="afterTest()[pri:0, instance:Test_Cases.Login_TestCase@42d80b78]" name="afterTest" is-config="true" duration-ms="1202" started-at="2021-01-31T23:48:02Z" finished-at="2021-01-31T23:48:04Z">
          <reporter-output>
          </reporter-output>
        </test-method> <!-- afterTest -->
      </class> <!-- Test_Cases.Login_TestCase -->
    </test> <!-- Default test -->
  </suite> <!-- Default suite -->
</testng-results>
